[debug] [2020-12-22T12:53:55.909Z] ----------------------------------------------------------------------
[debug] [2020-12-22T12:53:55.911Z] Command:       C:\Program Files\nodejs\node.exe C:\Users\nnagwek\AppData\Roaming\npm\node_modules\firebase-tools\lib\bin\firebase.js init
[debug] [2020-12-22T12:53:55.911Z] CLI Version:   9.1.0
[debug] [2020-12-22T12:53:55.911Z] Platform:      win32
[debug] [2020-12-22T12:53:55.912Z] Node Version:  v12.19.0
[debug] [2020-12-22T12:53:55.913Z] Time:          Tue Dec 22 2020 18:23:55 GMT+0530 (India Standard Time)
[debug] [2020-12-22T12:53:55.913Z] ----------------------------------------------------------------------
[debug] [2020-12-22T12:53:55.914Z] 
[debug] [2020-12-22T12:53:55.919Z] > command requires scopes: ["email","openid","https://www.googleapis.com/auth/cloudplatformprojects.readonly","https://www.googleapis.com/auth/firebase","https://www.googleapis.com/auth/cloud-platform"]
[debug] [2020-12-22T12:53:55.920Z] > authorizing via signed-in user
[info] 
     ######## #### ########  ######## ########     ###     ######  ########
     ##        ##  ##     ## ##       ##     ##  ##   ##  ##       ##
     ######    ##  ########  ######   ########  #########  ######  ######
     ##        ##  ##    ##  ##       ##     ## ##     ##       ## ##
     ##       #### ##     ## ######## ########  ##     ##  ######  ########

You're about to initialize a Firebase project in this directory:

  c:\niket\Clones\youtube-clone\youtube-clone

Before we get started, keep in mind:

  * You are currently outside your home directory
  * You are initializing in an existing Firebase project directory

[info] 
=== Project Setup
[info] 
[info] First, let's associate this project directory with a Firebase project.
[info] You can create multiple project aliases by running firebase use --add, 
[info] but for now we'll just set up a default project.
[info] 
[info] i  .firebaserc already has a default project, using clone-cd9d4. 
[debug] [2020-12-22T12:54:08.121Z] >>> HTTP REQUEST GET https://firebase.googleapis.com/v1beta1/projects/clone-cd9d4  
 
[debug] [2020-12-22T12:54:08.651Z] <<< HTTP RESPONSE 200 {"content-type":"application/json; charset=UTF-8","vary":"X-Origin, Referer, Origin,Accept-Encoding","date":"Tue, 22 Dec 2020 12:54:08 GMT","server":"ESF","cache-control":"private","x-xss-protection":"0","x-frame-options":"SAMEORIGIN","x-content-type-options":"nosniff","alt-svc":"h3-29=\":443\"; ma=2592000,h3-T051=\":443\"; ma=2592000,h3-Q050=\":443\"; ma=2592000,h3-Q046=\":443\"; ma=2592000,h3-Q043=\":443\"; ma=2592000,quic=\":443\"; ma=2592000; v=\"46,43\"","accept-ranges":"none","transfer-encoding":"chunked"}
[info] 
=== Hosting Setup
[info] 
[info] Your public directory is the folder (relative to your project directory) that
[info] will contain Hosting assets to be uploaded with firebase deploy. If you
[info] have a build process for your assets, use your build's output directory.
[info] 
[debug] [2020-12-22T12:54:23.537Z] >>> [apiv2][query] GET https://www.gstatic.com/firebasejs/releases.json [none]
[debug] [2020-12-22T12:54:23.734Z] <<< [apiv2][status] GET https://www.gstatic.com/firebasejs/releases.json 200
[debug] [2020-12-22T12:54:23.734Z] <<< [apiv2][body] GET https://www.gstatic.com/firebasejs/releases.json {"current":{"version":"8.2.1","browserURL":"https://www.gstatic.com/firebasejs/8.2.1/firebase.js","packageURL":"https://www.gstatic.com/firebasejs/8.2.1/firebase.tgz"},"live":{"version":"8.2","browserURL":"https://www.gstatic.com/firebasejs/live/8.2/firebase.js","packageURL":"https://www.gstatic.com/firebasejs/live/8.2/firebase.tgz"},"components":{"analytics":"https://www.gstatic.com/firebasejs/8.2.1/firebase-analytics.js","app":"https://www.gstatic.com/firebasejs/8.2.1/firebase-app.js","auth":"https://www.gstatic.com/firebasejs/8.2.1/firebase-auth.js","database":"https://www.gstatic.com/firebasejs/8.2.1/firebase-database.js","firestore":"https://www.gstatic.com/firebasejs/8.2.1/firebase-firestore.js","functions":"https://www.gstatic.com/firebasejs/8.2.1/firebase-functions.js","installations":"https://www.gstatic.com/firebasejs/8.2.1/firebase-installations.js","messaging":"https://www.gstatic.com/firebasejs/8.2.1/firebase-messaging.js","storage":"https://www.gstatic.com/firebasejs/8.2.1/firebase-storage.js","performance":"https://www.gstatic.com/firebasejs/8.2.1/firebase-performance.js","remote-config":"https://www.gstatic.com/firebasejs/8.2.1/firebase-remote-config.js","firestore.memory":"https://www.gstatic.com/firebasejs/8.2.1/firebase-firestore.memory.js"}}
[info] i  Skipping write of public/index.html 
[info] 
[info] i  Detected a .git folder at c:\niket\Clones\youtube-clone\youtube-clone 
[info] i  Authorizing with GitHub to upload your service account to a GitHub repository's secrets store. 
[info] 
[info] Visit this URL on this device to log in:
[info] https://github.com/login/oauth/authorize?client_id=89cf50f02ac6aaed3484&state=788012616&redirect_uri=http%3A%2F%2Flocalhost%3A9005&scope=read%3Auser%20repo%20public_repo
[info] 
[info] Waiting for authentication...
[debug] [2020-12-22T12:54:43.223Z] >>> HTTP REQUEST POST https://github.com/login/oauth/access_token  
 {"client_id":"89cf50f02ac6aaed3484","client_secret":"3330d14abc895d9a74d5f17cd7a00711fa2c5bf0","code":"4ef6b976d61d69addaa0","redirect_uri":"http://localhost:9005","state":"788012616"}
[debug] [2020-12-22T12:54:43.616Z] <<< HTTP RESPONSE 200 {"date":"Tue, 22 Dec 2020 12:54:43 GMT","content-type":"application/json; charset=utf-8","transfer-encoding":"chunked","server":"GitHub.com","status":"200 OK","vary":"X-PJAX, Accept-Encoding, Accept, X-Requested-With, Accept-Encoding","etag":"W/\"76aa648d84eb9f4c0acaa7b5522487ca\"","cache-control":"max-age=0, private, must-revalidate","strict-transport-security":"max-age=31536000; includeSubdomains; preload","x-frame-options":"deny","x-content-type-options":"nosniff","x-xss-protection":"1; mode=block","referrer-policy":"origin-when-cross-origin, strict-origin-when-cross-origin","expect-ct":"max-age=2592000, report-uri=\"https://api.github.com/_private/browser/errors\"","content-security-policy":"default-src 'none'; base-uri 'self'; block-all-mixed-content; connect-src 'self' uploads.github.com www.githubstatus.com collector.githubapp.com api.github.com github-cloud.s3.amazonaws.com github-production-repository-file-5c1aeb.s3.amazonaws.com github-production-upload-manifest-file-7fdce7.s3.amazonaws.com github-production-user-asset-6210df.s3.amazonaws.com cdn.optimizely.com logx.optimizely.com/v1/events wss://alive.github.com; font-src github.githubassets.com; form-action 'self' github.com gist.github.com; frame-ancestors 'none'; frame-src render.githubusercontent.com; img-src 'self' data: github.githubassets.com identicons.github.com collector.githubapp.com github-cloud.s3.amazonaws.com *.githubusercontent.com; manifest-src 'self'; media-src 'none'; script-src github.githubassets.com; style-src 'unsafe-inline' github.githubassets.com; worker-src github.com/socket-worker-5029ae85.js gist.github.com/socket-worker-5029ae85.js","x-github-request-id":"74BE:048A:184CF28:1F2E038:5FE1EC93"}
[debug] [2020-12-22T12:54:43.617Z] >>> [apiv2][query] GET https://api.github.com/user [none]
[debug] [2020-12-22T12:54:44.015Z] <<< [apiv2][status] GET https://api.github.com/user 200
[debug] [2020-12-22T12:54:44.016Z] <<< [apiv2][body] GET https://api.github.com/user {"login":"niketnagwekar","id":75846216,"node_id":"MDQ6VXNlcjc1ODQ2MjE2","avatar_url":"https://avatars2.githubusercontent.com/u/75846216?v=4","gravatar_id":"","url":"https://api.github.com/users/niketnagwekar","html_url":"https://github.com/niketnagwekar","followers_url":"https://api.github.com/users/niketnagwekar/followers","following_url":"https://api.github.com/users/niketnagwekar/following{/other_user}","gists_url":"https://api.github.com/users/niketnagwekar/gists{/gist_id}","starred_url":"https://api.github.com/users/niketnagwekar/starred{/owner}{/repo}","subscriptions_url":"https://api.github.com/users/niketnagwekar/subscriptions","organizations_url":"https://api.github.com/users/niketnagwekar/orgs","repos_url":"https://api.github.com/users/niketnagwekar/repos","events_url":"https://api.github.com/users/niketnagwekar/events{/privacy}","received_events_url":"https://api.github.com/users/niketnagwekar/received_events","type":"User","site_admin":false,"name":"Niket Nagwekar","company":"Morningstar ","blog":"","location":null,"email":null,"hireable":null,"bio":null,"twitter_username":null,"public_repos":2,"public_gists":0,"followers":0,"following":0,"created_at":"2020-12-11T14:13:52Z","updated_at":"2020-12-22T12:54:42Z","private_gists":0,"total_private_repos":0,"owned_private_repos":0,"disk_usage":11500,"collaborators":0,"two_factor_authentication":false,"plan":{"name":"free","space":976562499,"collaborators":0,"private_repos":10000}}
[info] 
[info] +  Success! Logged into GitHub as niketnagwekar 
[info] 
